<?xml version="1.0" encoding="UTF-8"?>
<!-- Generated by org.testng.reporters.JUnitReportReporter -->
<testsuite skipped="0" hostname="DevOps" name="tests.loginTest" tests="1" failures="0" timestamp="03 Dec 2022 05:00:36 GMT" time="0.007" errors="0">
  <testcase name="login" time="0.007" classname="tests.loginTest"/>
</testsuite> <!-- tests.loginTest -->
